Added Component: Designator=D4(3.5X2.8X1.9)
Added Component: Designator=D5(3.5X2.8X1.9)
Added Component: Designator=D6(3.5X2.8X1.9)
Added Component: Designator=D7(3.5X2.8X1.9)
Added Component: Designator=RL2(3216[1206])
Added Component: Designator=RL3(3216[1206])
Added Component: Designator=RL4(3216[1206])
Added Component: Designator=RL5(3216[1206])
Added Pin To Net: NetName=GND Pin=D4-2
Added Pin To Net: NetName=GND Pin=D5-2
Added Pin To Net: NetName=GND Pin=D6-2
Added Pin To Net: NetName=GND Pin=D7-2
Added Pin To Net: NetName=5V Pin=RL2-2
Added Pin To Net: NetName=5V Pin=RL3-2
Added Pin To Net: NetName=5V Pin=RL4-2
Added Pin To Net: NetName=5V Pin=RL5-2
Added Pin To Net: NetName=NetD4_1 Pin=D4-1
Added Pin To Net: NetName=NetD4_1 Pin=RL2-1
Added Net: Name=NetD4_1
Added Pin To Net: NetName=NetD5_1 Pin=D5-1
Added Pin To Net: NetName=NetD5_1 Pin=RL3-1
Added Net: Name=NetD5_1
Added Pin To Net: NetName=NetD6_1 Pin=D6-1
Added Pin To Net: NetName=NetD6_1 Pin=RL4-1
Added Net: Name=NetD6_1
Added Pin To Net: NetName=NetD7_1 Pin=D7-1
Added Pin To Net: NetName=NetD7_1 Pin=RL5-1
Added Net: Name=NetD7_1
Added Member To Class: ClassName=alimentacion Member=Component D4 LED3
Added Member To Class: ClassName=alimentacion Member=Component D5 LED3
Added Member To Class: ClassName=alimentacion Member=Component D6 LED3
Added Member To Class: ClassName=alimentacion Member=Component D7 LED3
Added Member To Class: ClassName=alimentacion Member=Component RL2 Res Semi
Added Member To Class: ClassName=alimentacion Member=Component RL3 Res Semi
Added Member To Class: ClassName=alimentacion Member=Component RL4 Res Semi
Added Member To Class: ClassName=alimentacion Member=Component RL5 Res Semi
Added Room: Name=alimentacion
Added Room: Name=micro
Added Room: Name=puente H rama 1
Added Room: Name=puente H rama 2
