Added Component: Designator=C1(A)
Added Component: Designator=C2(A)
Added Component: Designator=C3(C1206)
Added Component: Designator=C4(C1206)
Added Component: Designator=C5(A)
Added Component: Designator=C6(C1206)
Added Component: Designator=C7(A)
Added Component: Designator=C8(C1206)
Added Component: Designator=C9(A)
Added Component: Designator=C10(C1206)
Added Component: Designator=C11(A)
Added Component: Designator=C12(C1206)
Added Component: Designator=C13(A)
Added Component: Designator=C14(A)
Added Component: Designator=C16(A)
Added Component: Designator=C17(C1206)
Added Component: Designator=C18(C1206)
Added Component: Designator=C20(C1206)
Added Component: Designator=C21(A)
Added Component: Designator=C22(C1206)
Added Component: Designator=C23(Capacitor gigante)
Added Component: Designator=C24(Capacitor gigante)
Added Component: Designator=C_on(C1206)
Added Component: Designator=C_reset(C1206)
Added Component: Designator=Csalida(A)
Added Component: Designator=CXTAL1(C1206)
Added Component: Designator=CXTAL2(C1206)
Added Component: Designator=D1(DO-201AD)
Added Component: Designator=D2(DO-201AD)
Added Component: Designator=D3(LED Blue 3mm TH V)
Added Component: Designator=D4(LED Blue 3mm TH V)
Added Component: Designator=D5(DO-201AD)
Added Component: Designator=H1(DIP-6)
Added Component: Designator=H2(DIP-6)
Added Component: Designator=H3(DIP-6)
Added Component: Designator=H4(DIP-6)
Added Component: Designator=I1(TO-220AB)
Added Component: Designator=I2(TO-220-AB)
Added Component: Designator=I3(TO-220AB)
Added Component: Designator=I4(TO-220-AB)
Added Component: Designator=L1(TO-220AB)
Added Component: Designator=L2(TO-220AB)
Added Component: Designator=Lsalida(A)
Added Component: Designator=P1(HDR1X2)
Added Component: Designator=P2(HDR1X2)
Added Component: Designator=P3(HDR1X2)
Added Component: Designator=P4(HDR2X3)
Added Component: Designator=Q1(E3)
Added Component: Designator=Q2(E3)
Added Component: Designator=Q3(E3)
Added Component: Designator=Q4(E3)
Added Component: Designator=Q6(E3)
Added Component: Designator=R1(3216[1206])
Added Component: Designator=R2(3216[1206])
Added Component: Designator=R3(3216[1206])
Added Component: Designator=R4(3216[1206])
Added Component: Designator=R5(3216[1206])
Added Component: Designator=R6(3216[1206])
Added Component: Designator=R7(3216[1206])
Added Component: Designator=R8(3216[1206])
Added Component: Designator=R9(3216[1206])
Added Component: Designator=R10(3216[1206])
Added Component: Designator=R11(3216[1206])
Added Component: Designator=R12(3216[1206])
Added Component: Designator=R13(3216[1206])
Added Component: Designator=R14(3216[1206])
Added Component: Designator=R15(3216[1206])
Added Component: Designator=R16(3216[1206])
Added Component: Designator=R17(3216[1206])
Added Component: Designator=R18(3216[1206])
Added Component: Designator=R_on(3216[1206])
Added Component: Designator=R_reset(3216[1206])
Added Component: Designator=Rdescarga(AXIAL-0.3)
Added Component: Designator=Rel1(Relay)
Added Component: Designator=RL1(3216[1206])
Added Component: Designator=RL2(3216[1206])
Added Component: Designator=S1(IT-2175)
Added Component: Designator=S2(IT-2175)
Added Component: Designator=T1(TO-220-AB)
Added Component: Designator=T2(TO-220-AB)
Added Component: Designator=T3(TO-220-AB)
Added Component: Designator=T4(TO-220-AB)
Added Component: Designator=T5(TO-220-AB)
Added Component: Designator=T6(TO-220-AB)
Added Component: Designator=T7(TO-220-AB)
Added Component: Designator=T8(TO-220-AB)
Added Component: Designator=U?(40P6)
Added Component: Designator=Y1(R38)
Added Pin To Net: NetName=5V Pin=C7-1
Added Pin To Net: NetName=5V Pin=C8-2
Added Pin To Net: NetName=5V Pin=C9-1
Added Pin To Net: NetName=5V Pin=C10-2
Added Pin To Net: NetName=5V Pin=C11-1
Added Pin To Net: NetName=5V Pin=C12-2
Added Pin To Net: NetName=5V Pin=L2-3
Added Pin To Net: NetName=5V Pin=P4-2
Added Pin To Net: NetName=5V Pin=R_on-2
Added Pin To Net: NetName=5V Pin=R_reset-2
Added Pin To Net: NetName=5V Pin=U?-10
Added Pin To Net: NetName=5V Pin=U?-30
Added Net: Name=5V
Added Pin To Net: NetName=9V Pin=C2-1
Added Pin To Net: NetName=9V Pin=C4-2
Added Pin To Net: NetName=9V Pin=C16-1
Added Pin To Net: NetName=9V Pin=C17-2
Added Pin To Net: NetName=9V Pin=C21-1
Added Pin To Net: NetName=9V Pin=C22-2
Added Pin To Net: NetName=9V Pin=D1-1
Added Pin To Net: NetName=9V Pin=D2-1
Added Pin To Net: NetName=9V Pin=H2-6
Added Pin To Net: NetName=9V Pin=H4-6
Added Pin To Net: NetName=9V Pin=L1-3
Added Pin To Net: NetName=9V Pin=R2-2
Added Pin To Net: NetName=9V Pin=R6-2
Added Pin To Net: NetName=9V Pin=R7-2
Added Pin To Net: NetName=9V Pin=R10-2
Added Pin To Net: NetName=9V Pin=R14-2
Added Pin To Net: NetName=9V Pin=R15-2
Added Pin To Net: NetName=9V Pin=R17-2
Added Pin To Net: NetName=9V Pin=T3-2
Added Pin To Net: NetName=9V Pin=T7-2
Added Net: Name=9V
Added Pin To Net: NetName=ARDUINO 1 Pin=R1-1
Added Pin To Net: NetName=ARDUINO 1 Pin=R13-1
Added Pin To Net: NetName=ARDUINO 1 Pin=R18-2
Added Pin To Net: NetName=ARDUINO 1 Pin=U?-21
Added Net: Name=ARDUINO 1
Added Pin To Net: NetName=ARDUINO 2 Pin=Q6-1
Added Pin To Net: NetName=ARDUINO 2 Pin=R5-1
Added Pin To Net: NetName=ARDUINO 2 Pin=R9-1
Added Pin To Net: NetName=ARDUINO 2 Pin=R17-1
Added Net: Name=ARDUINO 2
Added Pin To Net: NetName=B1 Pin=C13-2
Added Pin To Net: NetName=B1 Pin=C18-1
Added Pin To Net: NetName=B1 Pin=H1-5
Added Pin To Net: NetName=B1 Pin=I1-3
Added Pin To Net: NetName=B1 Pin=I2-2
Added Pin To Net: NetName=B1 Pin=Lsalida-1
Added Pin To Net: NetName=B1 Pin=T2-2
Added Net: Name=B1
Added Pin To Net: NetName=B2 Pin=C14-2
Added Pin To Net: NetName=B2 Pin=C20-1
Added Pin To Net: NetName=B2 Pin=Csalida-1
Added Pin To Net: NetName=B2 Pin=H3-5
Added Pin To Net: NetName=B2 Pin=I3-3
Added Pin To Net: NetName=B2 Pin=I4-2
Added Pin To Net: NetName=B2 Pin=P3-2
Added Pin To Net: NetName=B2 Pin=T6-2
Added Net: Name=B2
Added Pin To Net: NetName=GND Pin=C1-2
Added Pin To Net: NetName=GND Pin=C2-2
Added Pin To Net: NetName=GND Pin=C3-1
Added Pin To Net: NetName=GND Pin=C4-1
Added Pin To Net: NetName=GND Pin=C5-2
Added Pin To Net: NetName=GND Pin=C6-1
Added Pin To Net: NetName=GND Pin=C7-2
Added Pin To Net: NetName=GND Pin=C8-1
Added Pin To Net: NetName=GND Pin=C9-2
Added Pin To Net: NetName=GND Pin=C10-1
Added Pin To Net: NetName=GND Pin=C11-2
Added Pin To Net: NetName=GND Pin=C12-1
Added Pin To Net: NetName=GND Pin=C16-2
Added Pin To Net: NetName=GND Pin=C17-1
Added Pin To Net: NetName=GND Pin=C21-2
Added Pin To Net: NetName=GND Pin=C22-1
Added Pin To Net: NetName=GND Pin=C23-2
Added Pin To Net: NetName=GND Pin=C_on-1
Added Pin To Net: NetName=GND Pin=C_reset-1
Added Pin To Net: NetName=GND Pin=CXTAL1-1
Added Pin To Net: NetName=GND Pin=CXTAL2-1
Added Pin To Net: NetName=GND Pin=H1-2
Added Pin To Net: NetName=GND Pin=H2-2
Added Pin To Net: NetName=GND Pin=H2-5
Added Pin To Net: NetName=GND Pin=H3-2
Added Pin To Net: NetName=GND Pin=H4-2
Added Pin To Net: NetName=GND Pin=H4-5
Added Pin To Net: NetName=GND Pin=I2-3
Added Pin To Net: NetName=GND Pin=I4-3
Added Pin To Net: NetName=GND Pin=L1-2
Added Pin To Net: NetName=GND Pin=L2-2
Added Pin To Net: NetName=GND Pin=P1-2
Added Pin To Net: NetName=GND Pin=P2-2
Added Pin To Net: NetName=GND Pin=P4-6
Added Pin To Net: NetName=GND Pin=Q1-3
Added Pin To Net: NetName=GND Pin=Q2-3
Added Pin To Net: NetName=GND Pin=Q3-3
Added Pin To Net: NetName=GND Pin=Q4-3
Added Pin To Net: NetName=GND Pin=Q6-3
Added Pin To Net: NetName=GND Pin=Q6-3
Added Pin To Net: NetName=GND Pin=Rdescarga-1
Added Pin To Net: NetName=GND Pin=RL1-1
Added Pin To Net: NetName=GND Pin=RL2-1
Added Pin To Net: NetName=GND Pin=S1-1
Added Pin To Net: NetName=GND Pin=S1-3
Added Pin To Net: NetName=GND Pin=S2-1
Added Pin To Net: NetName=GND Pin=S2-3
Added Pin To Net: NetName=GND Pin=T4-2
Added Pin To Net: NetName=GND Pin=T8-2
Added Pin To Net: NetName=GND Pin=U?-11
Added Pin To Net: NetName=GND Pin=U?-31
Added Net: Name=GND
Added Pin To Net: NetName=LED1 Pin=D4-1
Added Pin To Net: NetName=LED1 Pin=U?-35
Added Net: Name=LED1
Added Pin To Net: NetName=LED2 Pin=D3-1
Added Pin To Net: NetName=LED2 Pin=U?-34
Added Net: Name=LED2
Added Pin To Net: NetName=MISO Pin=P4-1
Added Pin To Net: NetName=MISO Pin=U?-7
Added Net: Name=MISO
Added Pin To Net: NetName=MOSI Pin=P4-4
Added Pin To Net: NetName=MOSI Pin=U?-6
Added Net: Name=MOSI
Added Pin To Net: NetName=NetC13_1 Pin=C13-1
Added Pin To Net: NetName=NetC13_1 Pin=C18-2
Added Pin To Net: NetName=NetC13_1 Pin=D1-2
Added Pin To Net: NetName=NetC13_1 Pin=H1-6
Added Pin To Net: NetName=NetC13_1 Pin=R3-2
Added Pin To Net: NetName=NetC13_1 Pin=T1-2
Added Net: Name=NetC13_1
Added Pin To Net: NetName=NetC14_1 Pin=C14-1
Added Pin To Net: NetName=NetC14_1 Pin=C20-2
Added Pin To Net: NetName=NetC14_1 Pin=D2-2
Added Pin To Net: NetName=NetC14_1 Pin=H3-6
Added Pin To Net: NetName=NetC14_1 Pin=R11-2
Added Pin To Net: NetName=NetC14_1 Pin=T5-2
Added Net: Name=NetC14_1
Added Pin To Net: NetName=NetC23_1 Pin=C23-1
Added Pin To Net: NetName=NetC23_1 Pin=C24-2
Added Net: Name=NetC23_1
Added Pin To Net: NetName=NetCsalida_2 Pin=Csalida-2
Added Pin To Net: NetName=NetCsalida_2 Pin=Lsalida-2
Added Pin To Net: NetName=NetCsalida_2 Pin=P3-1
Added Net: Name=NetCsalida_2
Added Pin To Net: NetName=NetD3_2 Pin=D3-2
Added Pin To Net: NetName=NetD3_2 Pin=RL1-2
Added Net: Name=NetD3_2
Added Pin To Net: NetName=NetD4_2 Pin=D4-2
Added Pin To Net: NetName=NetD4_2 Pin=RL2-2
Added Net: Name=NetD4_2
Added Pin To Net: NetName=NetD5_1 Pin=D5-1
Added Pin To Net: NetName=NetD5_1 Pin=Q6-1
Added Pin To Net: NetName=NetD5_1 Pin=Rel1-1
Added Net: Name=NetD5_1
Added Pin To Net: NetName=NetH1_1 Pin=H1-1
Added Pin To Net: NetName=NetH1_1 Pin=Q1-1
Added Pin To Net: NetName=NetH1_1 Pin=R2-1
Added Net: Name=NetH1_1
Added Pin To Net: NetName=NetH1_4 Pin=H1-4
Added Pin To Net: NetName=NetH1_4 Pin=R3-1
Added Pin To Net: NetName=NetH1_4 Pin=R4-2
Added Net: Name=NetH1_4
Added Pin To Net: NetName=NetH2_1 Pin=H2-1
Added Pin To Net: NetName=NetH2_1 Pin=Q2-1
Added Pin To Net: NetName=NetH2_1 Pin=R6-1
Added Net: Name=NetH2_1
Added Pin To Net: NetName=NetH2_4 Pin=H2-4
Added Pin To Net: NetName=NetH2_4 Pin=R7-1
Added Pin To Net: NetName=NetH2_4 Pin=R8-2
Added Net: Name=NetH2_4
Added Pin To Net: NetName=NetH3_1 Pin=H3-1
Added Pin To Net: NetName=NetH3_1 Pin=Q3-1
Added Pin To Net: NetName=NetH3_1 Pin=R10-1
Added Net: Name=NetH3_1
Added Pin To Net: NetName=NetH3_4 Pin=H3-4
Added Pin To Net: NetName=NetH3_4 Pin=R11-1
Added Pin To Net: NetName=NetH3_4 Pin=R12-2
Added Net: Name=NetH3_4
Added Pin To Net: NetName=NetH4_1 Pin=H4-1
Added Pin To Net: NetName=NetH4_1 Pin=Q4-1
Added Pin To Net: NetName=NetH4_1 Pin=R14-1
Added Net: Name=NetH4_1
Added Pin To Net: NetName=NetH4_4 Pin=H4-4
Added Pin To Net: NetName=NetH4_4 Pin=R15-1
Added Pin To Net: NetName=NetH4_4 Pin=R16-2
Added Net: Name=NetH4_4
Added Pin To Net: NetName=NetI1_2 Pin=I1-1
Added Pin To Net: NetName=NetI1_2 Pin=T1-3
Added Pin To Net: NetName=NetI1_2 Pin=T2-3
Added Net: Name=NetI1_2
Added Pin To Net: NetName=NetI2_2 Pin=I2-1
Added Pin To Net: NetName=NetI2_2 Pin=T3-3
Added Pin To Net: NetName=NetI2_2 Pin=T4-3
Added Net: Name=NetI2_2
Added Pin To Net: NetName=NetI3_2 Pin=I3-1
Added Pin To Net: NetName=NetI3_2 Pin=T5-3
Added Pin To Net: NetName=NetI3_2 Pin=T6-3
Added Net: Name=NetI3_2
Added Pin To Net: NetName=NetI4_2 Pin=I4-1
Added Pin To Net: NetName=NetI4_2 Pin=T7-3
Added Pin To Net: NetName=NetI4_2 Pin=T8-3
Added Net: Name=NetI4_2
Added Pin To Net: NetName=NetQ1_2 Pin=Q1-2
Added Pin To Net: NetName=NetQ1_2 Pin=R1-2
Added Net: Name=NetQ1_2
Added Pin To Net: NetName=NetQ2_2 Pin=Q2-2
Added Pin To Net: NetName=NetQ2_2 Pin=R5-2
Added Net: Name=NetQ2_2
Added Pin To Net: NetName=NetQ3_2 Pin=Q3-2
Added Pin To Net: NetName=NetQ3_2 Pin=R9-2
Added Net: Name=NetQ3_2
Added Pin To Net: NetName=NetQ4_2 Pin=Q4-2
Added Pin To Net: NetName=NetQ4_2 Pin=R13-2
Added Net: Name=NetQ4_2
Added Pin To Net: NetName=NetQ6_2 Pin=Q6-2
Added Pin To Net: NetName=NetQ6_2 Pin=R18-1
Added Net: Name=NetQ6_2
Added Pin To Net: NetName=NetR4_1 Pin=R4-1
Added Pin To Net: NetName=NetR4_1 Pin=T1-1
Added Pin To Net: NetName=NetR4_1 Pin=T2-1
Added Net: Name=NetR4_1
Added Pin To Net: NetName=NetR8_1 Pin=R8-1
Added Pin To Net: NetName=NetR8_1 Pin=T3-1
Added Pin To Net: NetName=NetR8_1 Pin=T4-1
Added Net: Name=NetR8_1
Added Pin To Net: NetName=NetR12_1 Pin=R12-1
Added Pin To Net: NetName=NetR12_1 Pin=T5-1
Added Pin To Net: NetName=NetR12_1 Pin=T6-1
Added Net: Name=NetR12_1
Added Pin To Net: NetName=NetR16_1 Pin=R16-1
Added Pin To Net: NetName=NetR16_1 Pin=T7-1
Added Pin To Net: NetName=NetR16_1 Pin=T8-1
Added Net: Name=NetR16_1
Added Pin To Net: NetName=NetRdescarga_2 Pin=Rdescarga-2
Added Pin To Net: NetName=NetRdescarga_2 Pin=Rel1-5
Added Net: Name=NetRdescarga_2
Added Pin To Net: NetName=ON-OFF Pin=C_on-2
Added Pin To Net: NetName=ON-OFF Pin=R_on-1
Added Pin To Net: NetName=ON-OFF Pin=S2-2
Added Pin To Net: NetName=ON-OFF Pin=S2-4
Added Pin To Net: NetName=ON-OFF Pin=U?-3
Added Net: Name=ON-OFF
Added Pin To Net: NetName=RELAY Pin=R18-2
Added Pin To Net: NetName=RELAY Pin=U?-20
Added Net: Name=RELAY
Added Pin To Net: NetName=RESET Pin=C_reset-2
Added Pin To Net: NetName=RESET Pin=P4-5
Added Pin To Net: NetName=RESET Pin=R_reset-1
Added Pin To Net: NetName=RESET Pin=S1-2
Added Pin To Net: NetName=RESET Pin=S1-4
Added Pin To Net: NetName=RESET Pin=U?-9
Added Net: Name=RESET
Added Pin To Net: NetName=SAL_RELAY Pin=I1-2
Added Pin To Net: NetName=SAL_RELAY Pin=I3-2
Added Pin To Net: NetName=SAL_RELAY Pin=Rel1-2
Added Net: Name=SAL_RELAY
Added Pin To Net: NetName=SCK Pin=P4-3
Added Pin To Net: NetName=SCK Pin=U?-8
Added Net: Name=SCK
Added Pin To Net: NetName=VCC_1 Pin=C1-1
Added Pin To Net: NetName=VCC_1 Pin=C3-2
Added Pin To Net: NetName=VCC_1 Pin=C5-1
Added Pin To Net: NetName=VCC_1 Pin=C6-2
Added Pin To Net: NetName=VCC_1 Pin=D5-2
Added Pin To Net: NetName=VCC_1 Pin=L1-1
Added Pin To Net: NetName=VCC_1 Pin=L2-1
Added Pin To Net: NetName=VCC_1 Pin=P1-1
Added Pin To Net: NetName=VCC_1 Pin=Rel1-3
Added Net: Name=VCC_1
Added Pin To Net: NetName=VCC_2 Pin=C24-1
Added Pin To Net: NetName=VCC_2 Pin=P2-1
Added Pin To Net: NetName=VCC_2 Pin=Rel1-4
Added Net: Name=VCC_2
Added Pin To Net: NetName=XTAL1 Pin=CXTAL1-2
Added Pin To Net: NetName=XTAL1 Pin=U?-13
Added Pin To Net: NetName=XTAL1 Pin=Y1-1
Added Net: Name=XTAL1
Added Pin To Net: NetName=XTAL2 Pin=CXTAL2-2
Added Pin To Net: NetName=XTAL2 Pin=U?-12
Added Pin To Net: NetName=XTAL2 Pin=Y1-2
Added Net: Name=XTAL2
Added Class: Name=alimentacion
Added Class: Name=micro
Added Class: Name=puente H rama 1
Added Class: Name=puente H rama 2
Added Room: Name=alimentacion
Added Room: Name=micro
Added Room: Name=puente H rama 1
Added Room: Name=puente H rama 2
