Added Component: Designator=H1(DIP-6)
Added Component: Designator=H2(DIP-6)
Added Component: Designator=I1(TO-220AB)
Added Component: Designator=I2(TO-220-AB)
Added Component: Designator=Q1(E3)
Added Component: Designator=Q2(E3)
Added Component: Designator=R1(3216[1206])
Added Component: Designator=R2(3216[1206])
Added Component: Designator=R3(3216[1206])
Added Component: Designator=R4(3216[1206])
Added Component: Designator=R5(3216[1206])
Added Component: Designator=R6(3216[1206])
Added Component: Designator=R7(3216[1206])
Added Component: Designator=R8(3216[1206])
Added Component: Designator=T1(TO-220-AB)
Added Component: Designator=T2(TO-220-AB)
Added Component: Designator=T3(TO-220-AB)
Added Component: Designator=T4(TO-220-AB)
Added Component: Designator=T5(TO-220-AB)
Added Pin To Net: NetName=9V Pin=R2-2
Added Pin To Net: NetName=9V Pin=R6-2
Added Net: Name=9V
Added Pin To Net: NetName=ARDUINO 1 Pin=R1-1
Added Net: Name=ARDUINO 1
Added Pin To Net: NetName=ARDUINO 2 Pin=R5-1
Added Net: Name=ARDUINO 2
Added Pin To Net: NetName=B1 Pin=H1-5
Added Pin To Net: NetName=B1 Pin=I1-3
Added Pin To Net: NetName=B1 Pin=I2-1
Added Pin To Net: NetName=B1 Pin=T2-1
Added Net: Name=B1
Added Pin To Net: NetName=BASE Pin=T5-1
Added Net: Name=BASE
Added Pin To Net: NetName=COLEC Pin=T5-2
Added Net: Name=COLEC
Added Pin To Net: NetName=GND Pin=H1-2
Added Pin To Net: NetName=GND Pin=H2-2
Added Pin To Net: NetName=GND Pin=H2-5
Added Pin To Net: NetName=GND Pin=I2-3
Added Pin To Net: NetName=GND Pin=Q1-3
Added Pin To Net: NetName=GND Pin=Q2-3
Added Pin To Net: NetName=GND Pin=T4-1
Added Pin To Net: NetName=GND Pin=T5-3
Added Net: Name=GND
Added Pin To Net: NetName=NetD1_2 Pin=H1-6
Added Pin To Net: NetName=NetD1_2 Pin=R3-2
Added Pin To Net: NetName=NetD1_2 Pin=T1-1
Added Net: Name=NetD1_2
Added Pin To Net: NetName=NetD2_2 Pin=H2-6
Added Pin To Net: NetName=NetD2_2 Pin=R7-2
Added Pin To Net: NetName=NetD2_2 Pin=T3-1
Added Net: Name=NetD2_2
Added Pin To Net: NetName=NetH1_1 Pin=H1-1
Added Pin To Net: NetName=NetH1_1 Pin=Q1-1
Added Pin To Net: NetName=NetH1_1 Pin=R2-1
Added Net: Name=NetH1_1
Added Pin To Net: NetName=NetH1_4 Pin=H1-4
Added Pin To Net: NetName=NetH1_4 Pin=R3-1
Added Pin To Net: NetName=NetH1_4 Pin=R4-2
Added Net: Name=NetH1_4
Added Pin To Net: NetName=NetH2_1 Pin=H2-1
Added Pin To Net: NetName=NetH2_1 Pin=Q2-1
Added Pin To Net: NetName=NetH2_1 Pin=R6-1
Added Net: Name=NetH2_1
Added Pin To Net: NetName=NetH2_4 Pin=H2-4
Added Pin To Net: NetName=NetH2_4 Pin=R7-1
Added Pin To Net: NetName=NetH2_4 Pin=R8-2
Added Net: Name=NetH2_4
Added Pin To Net: NetName=NetI1_2 Pin=I1-2
Added Pin To Net: NetName=NetI1_2 Pin=T1-3
Added Net: Name=NetI1_2
Added Pin To Net: NetName=NetI2_2 Pin=I2-2
Added Pin To Net: NetName=NetI2_2 Pin=T4-3
Added Net: Name=NetI2_2
Added Pin To Net: NetName=NetQ1_2 Pin=Q1-2
Added Pin To Net: NetName=NetQ1_2 Pin=R1-2
Added Net: Name=NetQ1_2
Added Pin To Net: NetName=NetQ2_2 Pin=Q2-2
Added Pin To Net: NetName=NetQ2_2 Pin=R5-2
Added Net: Name=NetQ2_2
Added Pin To Net: NetName=NetR4_1 Pin=R4-1
Added Pin To Net: NetName=NetR4_1 Pin=T1-2
Added Pin To Net: NetName=NetR4_1 Pin=T2-2
Added Net: Name=NetR4_1
Added Pin To Net: NetName=NetR8_1 Pin=R8-1
Added Pin To Net: NetName=NetR8_1 Pin=T3-2
Added Pin To Net: NetName=NetR8_1 Pin=T4-2
Added Net: Name=NetR8_1
Added Pin To Net: NetName=VCC_2 Pin=I1-1
Added Net: Name=VCC_2
Added Class: Name=puente H rama 1
Added Room: Name=puente H rama 1
